-------------------------------------------------------------------------------
Test set: com.bbtutorials.echo.EchoApplicationTests
-------------------------------------------------------------------------------
Tests run: 1, Failures: 0, Errors: 1, Skipped: 0, Time elapsed: 0.451 s <<< FAILURE! - in com.bbtutorials.echo.EchoApplicationTests
com.bbtutorials.echo.EchoApplicationTests  Time elapsed: 0.45 s  <<< ERROR!
java.lang.IllegalStateException: Unable to find a @SpringBootConfiguration, you need to use @ContextConfiguration or @SpringBootTest(classes=...) with your test

