<?xml version="1.0" encoding="UTF-8"?>
<testsuite xmlns:xsi="http://www.w3.org/2001/XMLSchema-instance" xsi:noNamespaceSchemaLocation="https://maven.apache.org/surefire/maven-surefire-plugin/xsd/surefire-test-report.xsd" name="com.bbtutorials.echo.EchoApplicationTests" time="0.451" tests="1" errors="1" skipped="0" failures="0">
  <properties>
[...]
</properties>
  <testcase name="com.bbtutorials.echo.EchoApplicationTests" classname="com.bbtutorials.echo.EchoApplicationTests" time="0.45">
    <error message="Unable to find a @SpringBootConfiguration, you need to use @ContextConfiguration or @SpringBootTest(classes=...) with your test" type="java.lang.IllegalStateException">java.lang.IllegalStateException: Unable to find a @SpringBootConfiguration, you need to use @ContextConfiguration or @SpringBootTest(classes=...) with your test
</error>
    <system-out><![CDATA[10:57:09.976 [main] DEBUG org.springframework.test.context.BootstrapUtils - Instantiating CacheAwareContextLoaderDelegate from class [org.springframework.test.context.cache.DefaultCacheAwareContextLoaderDelegate]
10:57:09.999 [main] DEBUG org.springframework.test.context.BootstrapUtils - Instantiating BootstrapContext using constructor [public org.springframework.test.context.support.DefaultBootstrapContext(java.lang.Class,org.springframework.test.context.CacheAwareContextLoaderDelegate)]
10:57:10.057 [main] DEBUG org.springframework.test.context.BootstrapUtils - Instantiating TestContextBootstrapper for test class [com.bbtutorials.echo.EchoApplicationTests] from class [org.springframework.boot.test.context.SpringBootTestContextBootstrapper]
10:57:10.090 [main] INFO org.springframework.boot.test.context.SpringBootTestContextBootstrapper - Neither @ContextConfiguration nor @ContextHierarchy found for test class [com.bbtutorials.echo.EchoApplicationTests], using SpringBootContextLoader
10:57:10.098 [main] DEBUG org.springframework.test.context.support.AbstractContextLoader - Did not detect default resource location for test class [com.bbtutorials.echo.EchoApplicationTests]: class path resource [com/bbtutorials/echo/EchoApplicationTests-context.xml] does not exist
10:57:10.098 [main] DEBUG org.springframework.test.context.support.AbstractContextLoader - Did not detect default resource location for test class [com.bbtutorials.echo.EchoApplicationTests]: class path resource [com/bbtutorials/echo/EchoApplicationTestsContext.groovy] does not exist
10:57:10.098 [main] INFO org.springframework.test.context.support.AbstractContextLoader - Could not detect default resource locations for test class [com.bbtutorials.echo.EchoApplicationTests]: no resource found for suffixes {-context.xml, Context.groovy}.
10:57:10.099 [main] INFO org.springframework.test.context.support.AnnotationConfigContextLoaderUtils - Could not detect default configuration classes for test class [com.bbtutorials.echo.EchoApplicationTests]: EchoApplicationTests does not declare any static, non-private, non-final, nested classes annotated with @Configuration.
10:57:10.174 [main] DEBUG org.springframework.test.context.support.ActiveProfilesUtils - Could not find an 'annotation declaring class' for annotation type [org.springframework.test.context.ActiveProfiles] and class [com.bbtutorials.echo.EchoApplicationTests]
10:57:10.282 [main] DEBUG org.springframework.test.context.BootstrapUtils - Instantiating CacheAwareContextLoaderDelegate from class [org.springframework.test.context.cache.DefaultCacheAwareContextLoaderDelegate]
10:57:10.282 [main] DEBUG org.springframework.test.context.BootstrapUtils - Instantiating BootstrapContext using constructor [public org.springframework.test.context.support.DefaultBootstrapContext(java.lang.Class,org.springframework.test.context.CacheAwareContextLoaderDelegate)]
10:57:10.282 [main] DEBUG org.springframework.test.context.BootstrapUtils - Instantiating TestContextBootstrapper for test class [com.bbtutorials.echo.EchoApplicationTests] from class [org.springframework.boot.test.context.SpringBootTestContextBootstrapper]
10:57:10.283 [main] INFO org.springframework.boot.test.context.SpringBootTestContextBootstrapper - Neither @ContextConfiguration nor @ContextHierarchy found for test class [com.bbtutorials.echo.EchoApplicationTests], using SpringBootContextLoader
10:57:10.283 [main] DEBUG org.springframework.test.context.support.AbstractContextLoader - Did not detect default resource location for test class [com.bbtutorials.echo.EchoApplicationTests]: class path resource [com/bbtutorials/echo/EchoApplicationTests-context.xml] does not exist
10:57:10.283 [main] DEBUG org.springframework.test.context.support.AbstractContextLoader - Did not detect default resource location for test class [com.bbtutorials.echo.EchoApplicationTests]: class path resource [com/bbtutorials/echo/EchoApplicationTestsContext.groovy] does not exist
10:57:10.283 [main] INFO org.springframework.test.context.support.AbstractContextLoader - Could not detect default resource locations for test class [com.bbtutorials.echo.EchoApplicationTests]: no resource found for suffixes {-context.xml, Context.groovy}.
10:57:10.283 [main] INFO org.springframework.test.context.support.AnnotationConfigContextLoaderUtils - Could not detect default configuration classes for test class [com.bbtutorials.echo.EchoApplicationTests]: EchoApplicationTests does not declare any static, non-private, non-final, nested classes annotated with @Configuration.
10:57:10.285 [main] DEBUG org.springframework.test.context.support.ActiveProfilesUtils - Could not find an 'annotation declaring class' for annotation type [org.springframework.test.context.ActiveProfiles] and class [com.bbtutorials.echo.EchoApplicationTests]
10:57:10.304 [main] DEBUG org.springframework.test.context.BootstrapUtils - Instantiating CacheAwareContextLoaderDelegate from class [org.springframework.test.context.cache.DefaultCacheAwareContextLoaderDelegate]
10:57:10.304 [main] DEBUG org.springframework.test.context.BootstrapUtils - Instantiating BootstrapContext using constructor [public org.springframework.test.context.support.DefaultBootstrapContext(java.lang.Class,org.springframework.test.context.CacheAwareContextLoaderDelegate)]
10:57:10.305 [main] DEBUG org.springframework.test.context.BootstrapUtils - Instantiating TestContextBootstrapper for test class [com.bbtutorials.echo.EchoApplicationTests] from class [org.springframework.boot.test.context.SpringBootTestContextBootstrapper]
10:57:10.306 [main] INFO org.springframework.boot.test.context.SpringBootTestContextBootstrapper - Neither @ContextConfiguration nor @ContextHierarchy found for test class [com.bbtutorials.echo.EchoApplicationTests], using SpringBootContextLoader
10:57:10.307 [main] DEBUG org.springframework.test.context.support.AbstractContextLoader - Did not detect default resource location for test class [com.bbtutorials.echo.EchoApplicationTests]: class path resource [com/bbtutorials/echo/EchoApplicationTests-context.xml] does not exist
10:57:10.307 [main] DEBUG org.springframework.test.context.support.AbstractContextLoader - Did not detect default resource location for test class [com.bbtutorials.echo.EchoApplicationTests]: class path resource [com/bbtutorials/echo/EchoApplicationTestsContext.groovy] does not exist
10:57:10.307 [main] INFO org.springframework.test.context.support.AbstractContextLoader - Could not detect default resource locations for test class [com.bbtutorials.echo.EchoApplicationTests]: no resource found for suffixes {-context.xml, Context.groovy}.
10:57:10.308 [main] INFO org.springframework.test.context.support.AnnotationConfigContextLoaderUtils - Could not detect default configuration classes for test class [com.bbtutorials.echo.EchoApplicationTests]: EchoApplicationTests does not declare any static, non-private, non-final, nested classes annotated with @Configuration.
10:57:10.309 [main] DEBUG org.springframework.test.context.support.ActiveProfilesUtils - Could not find an 'annotation declaring class' for annotation type [org.springframework.test.context.ActiveProfiles] and class [com.bbtutorials.echo.EchoApplicationTests]
]]></system-out>
  </testcase>
</testsuite>